{"C:\\Users\\toure\\Bureau\\INFRES 1A\\forest-app\\src\\domain\\errors\\NotFoundError.ts": {"path":"C:\\Users\\toure\\Bureau\\INFRES 1A\\forest-app\\src\\domain\\errors\\NotFoundError.ts","statementMap":{"0":{"start":{"line":5,"column":4},"end":{"line":5,"column":19}},"1":{"start":{"line":6,"column":4},"end":{"line":6,"column":21}},"2":{"start":{"line":1,"column":0},"end":{"line":1,"column":22}},"3":{"start":{"line":12,"column":4},"end":{"line":12,"column":24}},"4":{"start":{"line":13,"column":4},"end":{"line":13,"column":32}},"5":{"start":{"line":10,"column":0},"end":{"line":10,"column":13}}},"fnMap":{"0":{"name":"(anonymous_0)","decl":{"start":{"line":4,"column":2},"end":{"line":4,"column":14}},"loc":{"start":{"line":4,"column":43},"end":{"line":7,"column":3}}},"1":{"name":"(anonymous_1)","decl":{"start":{"line":11,"column":2},"end":{"line":11,"column":14}},"loc":{"start":{"line":11,"column":52},"end":{"line":14,"column":3}}}},"branchMap":{"0":{"loc":{"start":{"line":11,"column":14},"end":{"line":11,"column":52}},"type":"default-arg","locations":[{"start":{"line":11,"column":32},"end":{"line":11,"column":52}}]}},"s":{"0":6,"1":6,"2":5,"3":6,"4":6,"5":5},"f":{"0":6,"1":6},"b":{"0":[0]}}
,"C:\\Users\\toure\\Bureau\\INFRES 1A\\forest-app\\src\\domain\\models\\Exposure.ts": {"path":"C:\\Users\\toure\\Bureau\\INFRES 1A\\forest-app\\src\\domain\\models\\Exposure.ts","statementMap":{"0":{"start":{"line":1,"column":0},"end":{"line":1,"column":null}},"1":{"start":{"line":2,"column":2},"end":{"line":2,"column":null}},"2":{"start":{"line":3,"column":2},"end":{"line":3,"column":null}},"3":{"start":{"line":4,"column":2},"end":{"line":4,"column":null}}},"fnMap":{"0":{"name":"(anonymous_0)","decl":{"start":{"line":1,"column":0},"end":{"line":1,"column":12}},"loc":{"start":{"line":1,"column":20},"end":{"line":5,"column":1}}}},"branchMap":{"0":{"loc":{"start":{"line":1,"column":12},"end":{"line":1,"column":null}},"type":"binary-expr","locations":[{"start":{"line":1,"column":12},"end":{"line":1,"column":20}},{"start":{"line":1,"column":20},"end":{"line":1,"column":null}}]}},"s":{"0":5,"1":5,"2":5,"3":5},"f":{"0":5},"b":{"0":[5,5]}}
,"C:\\Users\\toure\\Bureau\\INFRES 1A\\forest-app\\src\\domain\\models\\ForestType.ts": {"path":"C:\\Users\\toure\\Bureau\\INFRES 1A\\forest-app\\src\\domain\\models\\ForestType.ts","statementMap":{"0":{"start":{"line":1,"column":0},"end":{"line":1,"column":null}},"1":{"start":{"line":2,"column":2},"end":{"line":2,"column":null}},"2":{"start":{"line":3,"column":2},"end":{"line":3,"column":null}},"3":{"start":{"line":4,"column":2},"end":{"line":4,"column":null}}},"fnMap":{"0":{"name":"(anonymous_0)","decl":{"start":{"line":1,"column":0},"end":{"line":1,"column":12}},"loc":{"start":{"line":1,"column":22},"end":{"line":5,"column":1}}}},"branchMap":{"0":{"loc":{"start":{"line":1,"column":12},"end":{"line":1,"column":null}},"type":"binary-expr","locations":[{"start":{"line":1,"column":12},"end":{"line":1,"column":22}},{"start":{"line":1,"column":22},"end":{"line":1,"column":null}}]}},"s":{"0":4,"1":4,"2":4,"3":4},"f":{"0":4},"b":{"0":[4,4]}}
,"C:\\Users\\toure\\Bureau\\INFRES 1A\\forest-app\\src\\domain\\models\\Species.ts": {"path":"C:\\Users\\toure\\Bureau\\INFRES 1A\\forest-app\\src\\domain\\models\\Species.ts","statementMap":{"0":{"start":{"line":1,"column":0},"end":{"line":1,"column":null}},"1":{"start":{"line":2,"column":2},"end":{"line":2,"column":null}},"2":{"start":{"line":3,"column":2},"end":{"line":3,"column":null}},"3":{"start":{"line":4,"column":2},"end":{"line":4,"column":null}},"4":{"start":{"line":5,"column":2},"end":{"line":5,"column":null}},"5":{"start":{"line":6,"column":2},"end":{"line":6,"column":null}}},"fnMap":{"0":{"name":"(anonymous_0)","decl":{"start":{"line":1,"column":0},"end":{"line":1,"column":12}},"loc":{"start":{"line":1,"column":19},"end":{"line":7,"column":1}}}},"branchMap":{"0":{"loc":{"start":{"line":1,"column":12},"end":{"line":1,"column":null}},"type":"binary-expr","locations":[{"start":{"line":1,"column":12},"end":{"line":1,"column":19}},{"start":{"line":1,"column":19},"end":{"line":1,"column":null}}]}},"s":{"0":5,"1":5,"2":5,"3":5,"4":5,"5":5},"f":{"0":5},"b":{"0":[5,5]}}
,"C:\\Users\\toure\\Bureau\\INFRES 1A\\forest-app\\src\\domain\\services\\CO2AbsorptionService.ts": {"path":"C:\\Users\\toure\\Bureau\\INFRES 1A\\forest-app\\src\\domain\\services\\CO2AbsorptionService.ts","statementMap":{"0":{"start":{"line":6,"column":27},"end":{"line":6,"column":44}},"1":{"start":{"line":7,"column":4},"end":{"line":7,"column":69}},"2":{"start":{"line":7,"column":35},"end":{"line":7,"column":67}},"3":{"start":{"line":8,"column":28},"end":{"line":8,"column":57}},"4":{"start":{"line":9,"column":4},"end":{"line":9,"column":27}},"5":{"start":{"line":12,"column":4},"end":{"line":12,"column":27}},"6":{"start":{"line":16,"column":16},"end":{"line":16,"column":17}},"7":{"start":{"line":17,"column":4},"end":{"line":19,"column":7}},"8":{"start":{"line":18,"column":6},"end":{"line":18,"column":60}},"9":{"start":{"line":20,"column":4},"end":{"line":20,"column":17}},"10":{"start":{"line":24,"column":28},"end":{"line":24,"column":59}},"11":{"start":{"line":25,"column":17},"end":{"line":25,"column":48}},"12":{"start":{"line":26,"column":4},"end":{"line":29,"column":7}},"13":{"start":{"line":27,"column":25},"end":{"line":27,"column":69}},"14":{"start":{"line":28,"column":6},"end":{"line":28,"column":105}},"15":{"start":{"line":30,"column":4},"end":{"line":30,"column":130}},"16":{"start":{"line":31,"column":4},"end":{"line":31,"column":18}},"17":{"start":{"line":4,"column":0},"end":{"line":4,"column":13}}},"fnMap":{"0":{"name":"(anonymous_0)","decl":{"start":{"line":5,"column":2},"end":{"line":5,"column":20}},"loc":{"start":{"line":5,"column":35},"end":{"line":10,"column":3}}},"1":{"name":"(anonymous_1)","decl":{"start":{"line":7,"column":25},"end":{"line":7,"column":26}},"loc":{"start":{"line":7,"column":35},"end":{"line":7,"column":67}}},"2":{"name":"(anonymous_2)","decl":{"start":{"line":11,"column":2},"end":{"line":11,"column":18}},"loc":{"start":{"line":11,"column":36},"end":{"line":13,"column":3}}},"3":{"name":"(anonymous_3)","decl":{"start":{"line":15,"column":2},"end":{"line":15,"column":20}},"loc":{"start":{"line":15,"column":60},"end":{"line":21,"column":3}}},"4":{"name":"(anonymous_4)","decl":{"start":{"line":17,"column":25},"end":{"line":17,"column":26}},"loc":{"start":{"line":17,"column":34},"end":{"line":19,"column":5}}},"5":{"name":"(anonymous_5)","decl":{"start":{"line":23,"column":2},"end":{"line":23,"column":26}},"loc":{"start":{"line":23,"column":41},"end":{"line":32,"column":3}}},"6":{"name":"(anonymous_6)","decl":{"start":{"line":26,"column":25},"end":{"line":26,"column":26}},"loc":{"start":{"line":26,"column":34},"end":{"line":29,"column":5}}}},"branchMap":{},"s":{"0":3,"1":3,"2":4,"3":3,"4":3,"5":0,"6":1,"7":1,"8":2,"9":1,"10":1,"11":1,"12":1,"13":2,"14":2,"15":1,"16":1,"17":1},"f":{"0":3,"1":4,"2":0,"3":1,"4":2,"5":1,"6":2},"b":{}}
,"C:\\Users\\toure\\Bureau\\INFRES 1A\\forest-app\\src\\domain\\services\\ForestService.ts": {"path":"C:\\Users\\toure\\Bureau\\INFRES 1A\\forest-app\\src\\domain\\services\\ForestService.ts","statementMap":{"0":{"start":{"line":3,"column":0},"end":{"line":3,"column":56}},"1":{"start":{"line":7,"column":31},"end":{"line":7,"column":57}},"2":{"start":{"line":10,"column":19},"end":{"line":10,"column":43}},"3":{"start":{"line":11,"column":4},"end":{"line":13,"column":5}},"4":{"start":{"line":12,"column":6},"end":{"line":12,"column":50}},"5":{"start":{"line":14,"column":4},"end":{"line":14,"column":27}},"6":{"start":{"line":18,"column":19},"end":{"line":18,"column":43}},"7":{"start":{"line":19,"column":4},"end":{"line":21,"column":5}},"8":{"start":{"line":20,"column":6},"end":{"line":20,"column":50}},"9":{"start":{"line":22,"column":4},"end":{"line":22,"column":18}},"10":{"start":{"line":26,"column":4},"end":{"line":26,"column":31}},"11":{"start":{"line":30,"column":4},"end":{"line":32,"column":5}},"12":{"start":{"line":31,"column":6},"end":{"line":31,"column":53}},"13":{"start":{"line":33,"column":4},"end":{"line":35,"column":5}},"14":{"start":{"line":34,"column":6},"end":{"line":34,"column":66}},"15":{"start":{"line":36,"column":4},"end":{"line":36,"column":36}},"16":{"start":{"line":40,"column":27},"end":{"line":40,"column":51}},"17":{"start":{"line":41,"column":4},"end":{"line":43,"column":5}},"18":{"start":{"line":42,"column":6},"end":{"line":42,"column":50}},"19":{"start":{"line":44,"column":4},"end":{"line":44,"column":36}},"20":{"start":{"line":47,"column":19},"end":{"line":47,"column":43}},"21":{"start":{"line":48,"column":4},"end":{"line":50,"column":5}},"22":{"start":{"line":49,"column":6},"end":{"line":49,"column":50}},"23":{"start":{"line":51,"column":4},"end":{"line":51,"column":39}},"24":{"start":{"line":6,"column":0},"end":{"line":6,"column":13}}},"fnMap":{"0":{"name":"(anonymous_0)","decl":{"start":{"line":7,"column":2},"end":{"line":7,"column":31}},"loc":{"start":{"line":7,"column":57},"end":{"line":7,"column":61}}},"1":{"name":"(anonymous_1)","decl":{"start":{"line":9,"column":2},"end":{"line":9,"column":8}},"loc":{"start":{"line":9,"column":21},"end":{"line":15,"column":3}}},"2":{"name":"(anonymous_2)","decl":{"start":{"line":17,"column":2},"end":{"line":17,"column":5}},"loc":{"start":{"line":17,"column":18},"end":{"line":23,"column":3}}},"3":{"name":"(anonymous_3)","decl":{"start":{"line":25,"column":2},"end":{"line":25,"column":6}},"loc":{"start":{"line":25,"column":6},"end":{"line":27,"column":3}}},"4":{"name":"(anonymous_4)","decl":{"start":{"line":29,"column":2},"end":{"line":29,"column":6}},"loc":{"start":{"line":29,"column":33},"end":{"line":37,"column":3}}},"5":{"name":"(anonymous_5)","decl":{"start":{"line":39,"column":2},"end":{"line":39,"column":8}},"loc":{"start":{"line":39,"column":37},"end":{"line":45,"column":3}}},"6":{"name":"(anonymous_6)","decl":{"start":{"line":46,"column":2},"end":{"line":46,"column":13}},"loc":{"start":{"line":46,"column":26},"end":{"line":52,"column":3}}}},"branchMap":{"0":{"loc":{"start":{"line":11,"column":4},"end":{"line":13,"column":5}},"type":"if","locations":[{"start":{"line":11,"column":4},"end":{"line":13,"column":5}}]},"1":{"loc":{"start":{"line":19,"column":4},"end":{"line":21,"column":5}},"type":"if","locations":[{"start":{"line":19,"column":4},"end":{"line":21,"column":5}}]},"2":{"loc":{"start":{"line":30,"column":4},"end":{"line":32,"column":5}},"type":"if","locations":[{"start":{"line":30,"column":4},"end":{"line":32,"column":5}}]},"3":{"loc":{"start":{"line":33,"column":4},"end":{"line":35,"column":5}},"type":"if","locations":[{"start":{"line":33,"column":4},"end":{"line":35,"column":5}}]},"4":{"loc":{"start":{"line":41,"column":4},"end":{"line":43,"column":5}},"type":"if","locations":[{"start":{"line":41,"column":4},"end":{"line":43,"column":5}}]},"5":{"loc":{"start":{"line":48,"column":4},"end":{"line":50,"column":5}},"type":"if","locations":[{"start":{"line":48,"column":4},"end":{"line":50,"column":5}}]}},"s":{"0":3,"1":13,"2":2,"3":2,"4":0,"5":2,"6":6,"7":6,"8":3,"9":3,"10":2,"11":6,"12":0,"13":6,"14":0,"15":6,"16":2,"17":2,"18":0,"19":2,"20":1,"21":1,"22":0,"23":1,"24":3},"f":{"0":13,"1":2,"2":6,"3":2,"4":6,"5":2,"6":1},"b":{"0":[0],"1":[3],"2":[0],"3":[0],"4":[0],"5":[0]}}
,"C:\\Users\\toure\\Bureau\\INFRES 1A\\forest-app\\src\\domain\\services\\TreeService.ts": {"path":"C:\\Users\\toure\\Bureau\\INFRES 1A\\forest-app\\src\\domain\\services\\TreeService.ts","statementMap":{"0":{"start":{"line":4,"column":0},"end":{"line":4,"column":56}},"1":{"start":{"line":7,"column":31},"end":{"line":7,"column":55}},"2":{"start":{"line":10,"column":17},"end":{"line":10,"column":41}},"3":{"start":{"line":11,"column":4},"end":{"line":13,"column":5}},"4":{"start":{"line":12,"column":6},"end":{"line":12,"column":48}},"5":{"start":{"line":14,"column":4},"end":{"line":14,"column":27}},"6":{"start":{"line":18,"column":17},"end":{"line":18,"column":41}},"7":{"start":{"line":19,"column":4},"end":{"line":21,"column":5}},"8":{"start":{"line":20,"column":6},"end":{"line":20,"column":48}},"9":{"start":{"line":22,"column":4},"end":{"line":22,"column":16}},"10":{"start":{"line":26,"column":4},"end":{"line":26,"column":31}},"11":{"start":{"line":30,"column":4},"end":{"line":32,"column":5}},"12":{"start":{"line":31,"column":6},"end":{"line":31,"column":56}},"13":{"start":{"line":33,"column":4},"end":{"line":37,"column":5}},"14":{"start":{"line":34,"column":6},"end":{"line":36,"column":8}},"15":{"start":{"line":38,"column":4},"end":{"line":40,"column":5}},"16":{"start":{"line":39,"column":6},"end":{"line":39,"column":54}},"17":{"start":{"line":41,"column":4},"end":{"line":43,"column":5}},"18":{"start":{"line":42,"column":6},"end":{"line":42,"column":55}},"19":{"start":{"line":44,"column":4},"end":{"line":44,"column":34}},"20":{"start":{"line":48,"column":25},"end":{"line":48,"column":49}},"21":{"start":{"line":49,"column":4},"end":{"line":51,"column":5}},"22":{"start":{"line":50,"column":6},"end":{"line":50,"column":48}},"23":{"start":{"line":52,"column":4},"end":{"line":52,"column":34}},"24":{"start":{"line":6,"column":0},"end":{"line":6,"column":13}}},"fnMap":{"0":{"name":"(anonymous_0)","decl":{"start":{"line":7,"column":2},"end":{"line":7,"column":31}},"loc":{"start":{"line":7,"column":55},"end":{"line":7,"column":59}}},"1":{"name":"(anonymous_1)","decl":{"start":{"line":9,"column":2},"end":{"line":9,"column":8}},"loc":{"start":{"line":9,"column":21},"end":{"line":15,"column":3}}},"2":{"name":"(anonymous_2)","decl":{"start":{"line":17,"column":2},"end":{"line":17,"column":5}},"loc":{"start":{"line":17,"column":18},"end":{"line":23,"column":3}}},"3":{"name":"(anonymous_3)","decl":{"start":{"line":25,"column":2},"end":{"line":25,"column":6}},"loc":{"start":{"line":25,"column":6},"end":{"line":27,"column":3}}},"4":{"name":"(anonymous_4)","decl":{"start":{"line":29,"column":2},"end":{"line":29,"column":6}},"loc":{"start":{"line":29,"column":29},"end":{"line":45,"column":3}}},"5":{"name":"(anonymous_5)","decl":{"start":{"line":47,"column":2},"end":{"line":47,"column":8}},"loc":{"start":{"line":47,"column":33},"end":{"line":53,"column":3}}}},"branchMap":{"0":{"loc":{"start":{"line":11,"column":4},"end":{"line":13,"column":5}},"type":"if","locations":[{"start":{"line":11,"column":4},"end":{"line":13,"column":5}}]},"1":{"loc":{"start":{"line":19,"column":4},"end":{"line":21,"column":5}},"type":"if","locations":[{"start":{"line":19,"column":4},"end":{"line":21,"column":5}}]},"2":{"loc":{"start":{"line":30,"column":4},"end":{"line":32,"column":5}},"type":"if","locations":[{"start":{"line":30,"column":4},"end":{"line":32,"column":5}}]},"3":{"loc":{"start":{"line":33,"column":4},"end":{"line":37,"column":5}},"type":"if","locations":[{"start":{"line":33,"column":4},"end":{"line":37,"column":5}}]},"4":{"loc":{"start":{"line":33,"column":8},"end":{"line":33,"column":74}},"type":"binary-expr","locations":[{"start":{"line":33,"column":8},"end":{"line":33,"column":39}},{"start":{"line":33,"column":43},"end":{"line":33,"column":74}}]},"5":{"loc":{"start":{"line":38,"column":4},"end":{"line":40,"column":5}},"type":"if","locations":[{"start":{"line":38,"column":4},"end":{"line":40,"column":5}}]},"6":{"loc":{"start":{"line":41,"column":4},"end":{"line":43,"column":5}},"type":"if","locations":[{"start":{"line":41,"column":4},"end":{"line":43,"column":5}}]},"7":{"loc":{"start":{"line":49,"column":4},"end":{"line":51,"column":5}},"type":"if","locations":[{"start":{"line":49,"column":4},"end":{"line":51,"column":5}}]}},"s":{"0":3,"1":12,"2":2,"3":2,"4":0,"5":2,"6":6,"7":6,"8":3,"9":3,"10":2,"11":7,"12":0,"13":7,"14":0,"15":7,"16":0,"17":7,"18":0,"19":7,"20":2,"21":2,"22":0,"23":2,"24":3},"f":{"0":12,"1":2,"2":6,"3":2,"4":7,"5":2},"b":{"0":[0],"1":[3],"2":[0],"3":[0],"4":[7,7],"5":[0],"6":[0],"7":[0]}}
,"C:\\Users\\toure\\Bureau\\INFRES 1A\\forest-app\\src\\infrastructure\\adapters\\forestRepositoryAdapter.ts": {"path":"C:\\Users\\toure\\Bureau\\INFRES 1A\\forest-app\\src\\infrastructure\\adapters\\forestRepositoryAdapter.ts","statementMap":{"0":{"start":{"line":2,"column":0},"end":{"line":2,"column":36}},"1":{"start":{"line":5,"column":2},"end":{"line":5,"column":25}},"2":{"start":{"line":8,"column":4},"end":{"line":8,"column":24}},"3":{"start":{"line":12,"column":36},"end":{"line":17,"column":6}},"4":{"start":{"line":18,"column":4},"end":{"line":18,"column":30}},"5":{"start":{"line":19,"column":4},"end":{"line":19,"column":18}},"6":{"start":{"line":22,"column":19},"end":{"line":22,"column":58}},"7":{"start":{"line":22,"column":44},"end":{"line":22,"column":57}},"8":{"start":{"line":23,"column":4},"end":{"line":23,"column":26}},"9":{"start":{"line":26,"column":18},"end":{"line":26,"column":67}},"10":{"start":{"line":26,"column":48},"end":{"line":26,"column":66}},"11":{"start":{"line":27,"column":4},"end":{"line":30,"column":5}},"12":{"start":{"line":28,"column":6},"end":{"line":28,"column":35}},"13":{"start":{"line":29,"column":6},"end":{"line":29,"column":20}},"14":{"start":{"line":31,"column":4},"end":{"line":31,"column":40}},"15":{"start":{"line":34,"column":4},"end":{"line":34,"column":61}},"16":{"start":{"line":34,"column":46},"end":{"line":34,"column":59}},"17":{"start":{"line":38,"column":19},"end":{"line":38,"column":58}},"18":{"start":{"line":38,"column":44},"end":{"line":38,"column":57}},"19":{"start":{"line":39,"column":4},"end":{"line":41,"column":5}},"20":{"start":{"line":40,"column":6},"end":{"line":40,"column":42}},"21":{"start":{"line":42,"column":23},"end":{"line":42,"column":40}},"22":{"start":{"line":43,"column":4},"end":{"line":43,"column":65}},"23":{"start":{"line":43,"column":35},"end":{"line":43,"column":63}},"24":{"start":{"line":44,"column":4},"end":{"line":44,"column":34}},"25":{"start":{"line":4,"column":0},"end":{"line":4,"column":13}}},"fnMap":{"0":{"name":"(anonymous_0)","decl":{"start":{"line":4,"column":0},"end":{"line":4,"column":13}},"loc":{"start":{"line":4,"column":0},"end":{"line":46,"column":1}}},"1":{"name":"(anonymous_1)","decl":{"start":{"line":7,"column":2},"end":{"line":7,"column":9}},"loc":{"start":{"line":7,"column":9},"end":{"line":9,"column":3}}},"2":{"name":"(anonymous_2)","decl":{"start":{"line":11,"column":2},"end":{"line":11,"column":8}},"loc":{"start":{"line":11,"column":23},"end":{"line":20,"column":3}}},"3":{"name":"(anonymous_3)","decl":{"start":{"line":21,"column":2},"end":{"line":21,"column":10}},"loc":{"start":{"line":21,"column":23},"end":{"line":24,"column":3}}},"4":{"name":"(anonymous_4)","decl":{"start":{"line":22,"column":37},"end":{"line":22,"column":38}},"loc":{"start":{"line":22,"column":44},"end":{"line":22,"column":57}}},"5":{"name":"(anonymous_5)","decl":{"start":{"line":25,"column":2},"end":{"line":25,"column":8}},"loc":{"start":{"line":25,"column":23},"end":{"line":32,"column":3}}},"6":{"name":"(anonymous_6)","decl":{"start":{"line":26,"column":41},"end":{"line":26,"column":42}},"loc":{"start":{"line":26,"column":48},"end":{"line":26,"column":66}}},"7":{"name":"(anonymous_7)","decl":{"start":{"line":33,"column":2},"end":{"line":33,"column":8}},"loc":{"start":{"line":33,"column":21},"end":{"line":35,"column":3}}},"8":{"name":"(anonymous_8)","decl":{"start":{"line":34,"column":39},"end":{"line":34,"column":40}},"loc":{"start":{"line":34,"column":46},"end":{"line":34,"column":59}}},"9":{"name":"(anonymous_9)","decl":{"start":{"line":37,"column":2},"end":{"line":37,"column":13}},"loc":{"start":{"line":37,"column":26},"end":{"line":45,"column":3}}},"10":{"name":"(anonymous_10)","decl":{"start":{"line":38,"column":37},"end":{"line":38,"column":38}},"loc":{"start":{"line":38,"column":44},"end":{"line":38,"column":57}}},"11":{"name":"(anonymous_11)","decl":{"start":{"line":43,"column":25},"end":{"line":43,"column":26}},"loc":{"start":{"line":43,"column":35},"end":{"line":43,"column":63}}}},"branchMap":{"0":{"loc":{"start":{"line":23,"column":11},"end":{"line":23,"column":25}},"type":"binary-expr","locations":[{"start":{"line":23,"column":11},"end":{"line":23,"column":17}},{"start":{"line":23,"column":21},"end":{"line":23,"column":25}}]},"1":{"loc":{"start":{"line":27,"column":4},"end":{"line":30,"column":5}},"type":"if","locations":[{"start":{"line":27,"column":4},"end":{"line":30,"column":5}}]},"2":{"loc":{"start":{"line":39,"column":4},"end":{"line":41,"column":5}},"type":"if","locations":[{"start":{"line":39,"column":4},"end":{"line":41,"column":5}}]}},"s":{"0":2,"1":6,"2":1,"3":5,"4":5,"5":5,"6":6,"7":4,"8":6,"9":1,"10":1,"11":1,"12":1,"13":1,"14":0,"15":1,"16":1,"17":0,"18":0,"19":0,"20":0,"21":0,"22":0,"23":0,"24":0,"25":2},"f":{"0":6,"1":1,"2":5,"3":6,"4":4,"5":1,"6":1,"7":1,"8":1,"9":0,"10":0,"11":0},"b":{"0":[6,2],"1":[1],"2":[0]}}
,"C:\\Users\\toure\\Bureau\\INFRES 1A\\forest-app\\src\\infrastructure\\adapters\\treeRepositoryAdapter.ts": {"path":"C:\\Users\\toure\\Bureau\\INFRES 1A\\forest-app\\src\\infrastructure\\adapters\\treeRepositoryAdapter.ts","statementMap":{"0":{"start":{"line":2,"column":0},"end":{"line":2,"column":36}},"1":{"start":{"line":5,"column":2},"end":{"line":5,"column":21}},"2":{"start":{"line":8,"column":4},"end":{"line":8,"column":22}},"3":{"start":{"line":12,"column":32},"end":{"line":18,"column":6}},"4":{"start":{"line":19,"column":4},"end":{"line":19,"column":26}},"5":{"start":{"line":20,"column":4},"end":{"line":20,"column":16}},"6":{"start":{"line":23,"column":17},"end":{"line":23,"column":54}},"7":{"start":{"line":23,"column":40},"end":{"line":23,"column":53}},"8":{"start":{"line":24,"column":4},"end":{"line":24,"column":24}},"9":{"start":{"line":27,"column":18},"end":{"line":27,"column":63}},"10":{"start":{"line":27,"column":46},"end":{"line":27,"column":62}},"11":{"start":{"line":28,"column":4},"end":{"line":31,"column":5}},"12":{"start":{"line":29,"column":6},"end":{"line":29,"column":31}},"13":{"start":{"line":30,"column":6},"end":{"line":30,"column":18}},"14":{"start":{"line":32,"column":4},"end":{"line":32,"column":38}},"15":{"start":{"line":35,"column":4},"end":{"line":35,"column":57}},"16":{"start":{"line":35,"column":42},"end":{"line":35,"column":55}},"17":{"start":{"line":4,"column":0},"end":{"line":4,"column":13}}},"fnMap":{"0":{"name":"(anonymous_0)","decl":{"start":{"line":4,"column":0},"end":{"line":4,"column":13}},"loc":{"start":{"line":4,"column":0},"end":{"line":37,"column":1}}},"1":{"name":"(anonymous_1)","decl":{"start":{"line":7,"column":2},"end":{"line":7,"column":9}},"loc":{"start":{"line":7,"column":9},"end":{"line":9,"column":3}}},"2":{"name":"(anonymous_2)","decl":{"start":{"line":11,"column":2},"end":{"line":11,"column":8}},"loc":{"start":{"line":11,"column":19},"end":{"line":21,"column":3}}},"3":{"name":"(anonymous_3)","decl":{"start":{"line":22,"column":2},"end":{"line":22,"column":10}},"loc":{"start":{"line":22,"column":23},"end":{"line":25,"column":3}}},"4":{"name":"(anonymous_4)","decl":{"start":{"line":23,"column":33},"end":{"line":23,"column":34}},"loc":{"start":{"line":23,"column":40},"end":{"line":23,"column":53}}},"5":{"name":"(anonymous_5)","decl":{"start":{"line":26,"column":2},"end":{"line":26,"column":8}},"loc":{"start":{"line":26,"column":19},"end":{"line":33,"column":3}}},"6":{"name":"(anonymous_6)","decl":{"start":{"line":27,"column":39},"end":{"line":27,"column":40}},"loc":{"start":{"line":27,"column":46},"end":{"line":27,"column":62}}},"7":{"name":"(anonymous_7)","decl":{"start":{"line":34,"column":2},"end":{"line":34,"column":8}},"loc":{"start":{"line":34,"column":21},"end":{"line":36,"column":3}}},"8":{"name":"(anonymous_8)","decl":{"start":{"line":35,"column":35},"end":{"line":35,"column":36}},"loc":{"start":{"line":35,"column":42},"end":{"line":35,"column":55}}}},"branchMap":{"0":{"loc":{"start":{"line":24,"column":11},"end":{"line":24,"column":23}},"type":"binary-expr","locations":[{"start":{"line":24,"column":11},"end":{"line":24,"column":15}},{"start":{"line":24,"column":19},"end":{"line":24,"column":23}}]},"1":{"loc":{"start":{"line":28,"column":4},"end":{"line":31,"column":5}},"type":"if","locations":[{"start":{"line":28,"column":4},"end":{"line":31,"column":5}}]}},"s":{"0":2,"1":6,"2":1,"3":6,"4":6,"5":6,"6":6,"7":4,"8":6,"9":1,"10":1,"11":1,"12":1,"13":1,"14":0,"15":1,"16":1,"17":2},"f":{"0":6,"1":1,"2":6,"3":6,"4":4,"5":1,"6":1,"7":1,"8":1},"b":{"0":[6,2],"1":[1]}}
,"C:\\Users\\toure\\Bureau\\INFRES 1A\\forest-app\\src\\tests\\CO2AbsorptionIntegrationTests.ts": {"path":"C:\\Users\\toure\\Bureau\\INFRES 1A\\forest-app\\src\\tests\\CO2AbsorptionIntegrationTests.ts","statementMap":{"0":{"start":{"line":3,"column":0},"end":{"line":3,"column":57}},"1":{"start":{"line":5,"column":0},"end":{"line":5,"column":51}},"2":{"start":{"line":7,"column":0},"end":{"line":7,"column":53}},"3":{"start":{"line":16,"column":45},"end":{"line":84,"column":1}},"4":{"start":{"line":20,"column":2},"end":{"line":83,"column":5}},"5":{"start":{"line":23,"column":4},"end":{"line":25,"column":7}},"6":{"start":{"line":23,"column":26},"end":{"line":25,"column":6}},"7":{"start":{"line":24,"column":6},"end":{"line":24,"column":30}},"8":{"start":{"line":27,"column":4},"end":{"line":31,"column":7}},"9":{"start":{"line":27,"column":25},"end":{"line":31,"column":6}},"10":{"start":{"line":28,"column":6},"end":{"line":30,"column":7}},"11":{"start":{"line":29,"column":8},"end":{"line":29,"column":32}},"12":{"start":{"line":33,"column":4},"end":{"line":54,"column":7}},"13":{"start":{"line":33,"column":77},"end":{"line":54,"column":6}},"14":{"start":{"line":34,"column":26},"end":{"line":34,"column":33}},"15":{"start":{"line":35,"column":40},"end":{"line":40,"column":8}},"16":{"start":{"line":42,"column":25},"end":{"line":42,"column":58}},"17":{"start":{"line":44,"column":44},"end":{"line":48,"column":8}},"18":{"start":{"line":49,"column":26},"end":{"line":49,"column":63}},"19":{"start":{"line":51,"column":6},"end":{"line":51,"column":56}},"20":{"start":{"line":52,"column":30},"end":{"line":52,"column":71}},"21":{"start":{"line":53,"column":6},"end":{"line":53,"column":40}},"22":{"start":{"line":55,"column":4},"end":{"line":82,"column":7}},"23":{"start":{"line":55,"column":75},"end":{"line":82,"column":6}},"24":{"start":{"line":56,"column":26},"end":{"line":56,"column":33}},"25":{"start":{"line":57,"column":41},"end":{"line":62,"column":8}},"26":{"start":{"line":64,"column":41},"end":{"line":69,"column":8}},"27":{"start":{"line":70,"column":26},"end":{"line":70,"column":60}},"28":{"start":{"line":71,"column":26},"end":{"line":71,"column":60}},"29":{"start":{"line":72,"column":44},"end":{"line":76,"column":8}},"30":{"start":{"line":77,"column":26},"end":{"line":77,"column":63}},"31":{"start":{"line":78,"column":28},"end":{"line":78,"column":75}},"32":{"start":{"line":79,"column":6},"end":{"line":81,"column":8}},"33":{"start":{"line":16,"column":13},"end":{"line":16,"column":45}}},"fnMap":{"0":{"name":"(anonymous_7)","decl":{"start":{"line":16,"column":45},"end":{"line":16,"column":null}},"loc":{"start":{"line":19,"column":4},"end":{"line":84,"column":1}}},"1":{"name":"(anonymous_8)","decl":{"start":{"line":20,"column":22},"end":{"line":20,"column":25}},"loc":{"start":{"line":20,"column":27},"end":{"line":83,"column":3}}},"2":{"name":"(anonymous_9)","decl":{"start":{"line":23,"column":15},"end":{"line":23,"column":24}},"loc":{"start":{"line":23,"column":26},"end":{"line":25,"column":6}}},"3":{"name":"(anonymous_10)","decl":{"start":{"line":23,"column":26},"end":{"line":23,"column":null}},"loc":{"start":{"line":23,"column":26},"end":{"line":25,"column":5}}},"4":{"name":"(anonymous_11)","decl":{"start":{"line":27,"column":14},"end":{"line":27,"column":23}},"loc":{"start":{"line":27,"column":25},"end":{"line":31,"column":6}}},"5":{"name":"(anonymous_12)","decl":{"start":{"line":27,"column":25},"end":{"line":27,"column":null}},"loc":{"start":{"line":27,"column":25},"end":{"line":31,"column":5}}},"6":{"name":"(anonymous_13)","decl":{"start":{"line":33,"column":66},"end":{"line":33,"column":75}},"loc":{"start":{"line":33,"column":77},"end":{"line":54,"column":6}}},"7":{"name":"(anonymous_14)","decl":{"start":{"line":33,"column":77},"end":{"line":33,"column":null}},"loc":{"start":{"line":33,"column":77},"end":{"line":54,"column":5}}},"8":{"name":"(anonymous_15)","decl":{"start":{"line":55,"column":64},"end":{"line":55,"column":73}},"loc":{"start":{"line":55,"column":75},"end":{"line":82,"column":6}}},"9":{"name":"(anonymous_16)","decl":{"start":{"line":55,"column":75},"end":{"line":55,"column":null}},"loc":{"start":{"line":55,"column":75},"end":{"line":82,"column":5}}}},"branchMap":{"0":{"loc":{"start":{"line":28,"column":6},"end":{"line":30,"column":7}},"type":"if","locations":[{"start":{"line":28,"column":6},"end":{"line":30,"column":7}}]}},"s":{"0":1,"1":1,"2":1,"3":1,"4":1,"5":1,"6":2,"7":2,"8":1,"9":2,"10":2,"11":0,"12":1,"13":1,"14":1,"15":1,"16":1,"17":1,"18":1,"19":1,"20":1,"21":1,"22":1,"23":1,"24":1,"25":1,"26":1,"27":1,"28":1,"29":1,"30":1,"31":1,"32":1,"33":1},"f":{"0":1,"1":1,"2":2,"3":2,"4":2,"5":2,"6":1,"7":1,"8":1,"9":1},"b":{"0":[0]}}
,"C:\\Users\\toure\\Bureau\\INFRES 1A\\forest-app\\src\\tests\\ForestIntegrationTests.ts": {"path":"C:\\Users\\toure\\Bureau\\INFRES 1A\\forest-app\\src\\tests\\ForestIntegrationTests.ts","statementMap":{"0":{"start":{"line":6,"column":0},"end":{"line":6,"column":57}},"1":{"start":{"line":13,"column":38},"end":{"line":84,"column":1}},"2":{"start":{"line":17,"column":2},"end":{"line":76,"column":5}},"3":{"start":{"line":20,"column":4},"end":{"line":22,"column":7}},"4":{"start":{"line":20,"column":26},"end":{"line":22,"column":6}},"5":{"start":{"line":21,"column":6},"end":{"line":21,"column":30}},"6":{"start":{"line":24,"column":4},"end":{"line":28,"column":7}},"7":{"start":{"line":24,"column":25},"end":{"line":28,"column":6}},"8":{"start":{"line":25,"column":6},"end":{"line":27,"column":7}},"9":{"start":{"line":26,"column":8},"end":{"line":26,"column":32}},"10":{"start":{"line":30,"column":4},"end":{"line":42,"column":7}},"11":{"start":{"line":30,"column":57},"end":{"line":42,"column":6}},"12":{"start":{"line":31,"column":26},"end":{"line":31,"column":33}},"13":{"start":{"line":32,"column":44},"end":{"line":36,"column":8}},"14":{"start":{"line":37,"column":6},"end":{"line":37,"column":30}},"15":{"start":{"line":38,"column":22},"end":{"line":38,"column":36}},"16":{"start":{"line":39,"column":6},"end":{"line":39,"column":48}},"17":{"start":{"line":40,"column":30},"end":{"line":40,"column":56}},"18":{"start":{"line":41,"column":6},"end":{"line":41,"column":74}},"19":{"start":{"line":44,"column":4},"end":{"line":56,"column":7}},"20":{"start":{"line":44,"column":44},"end":{"line":56,"column":6}},"21":{"start":{"line":45,"column":26},"end":{"line":45,"column":33}},"22":{"start":{"line":46,"column":44},"end":{"line":50,"column":8}},"23":{"start":{"line":51,"column":26},"end":{"line":51,"column":49}},"24":{"start":{"line":52,"column":6},"end":{"line":52,"column":38}},"25":{"start":{"line":53,"column":6},"end":{"line":55,"column":8}},"26":{"start":{"line":53,"column":19},"end":{"line":53,"column":47}},"27":{"start":{"line":58,"column":4},"end":{"line":75,"column":7}},"28":{"start":{"line":58,"column":44},"end":{"line":75,"column":6}},"29":{"start":{"line":59,"column":26},"end":{"line":59,"column":33}},"30":{"start":{"line":60,"column":44},"end":{"line":64,"column":8}},"31":{"start":{"line":65,"column":26},"end":{"line":65,"column":49}},"32":{"start":{"line":66,"column":36},"end":{"line":71,"column":8}},"33":{"start":{"line":72,"column":6},"end":{"line":72,"column":54}},"34":{"start":{"line":73,"column":30},"end":{"line":73,"column":58}},"35":{"start":{"line":74,"column":6},"end":{"line":74,"column":78}},"36":{"start":{"line":78,"column":2},"end":{"line":83,"column":5}},"37":{"start":{"line":78,"column":76},"end":{"line":83,"column":4}},"38":{"start":{"line":79,"column":24},"end":{"line":79,"column":37}},"39":{"start":{"line":80,"column":4},"end":{"line":82,"column":6}},"40":{"start":{"line":80,"column":17},"end":{"line":80,"column":47}},"41":{"start":{"line":13,"column":13},"end":{"line":13,"column":38}}},"fnMap":{"0":{"name":"(anonymous_7)","decl":{"start":{"line":13,"column":38},"end":{"line":13,"column":null}},"loc":{"start":{"line":16,"column":4},"end":{"line":84,"column":1}}},"1":{"name":"(anonymous_8)","decl":{"start":{"line":17,"column":22},"end":{"line":17,"column":25}},"loc":{"start":{"line":17,"column":27},"end":{"line":76,"column":3}}},"2":{"name":"(anonymous_9)","decl":{"start":{"line":20,"column":15},"end":{"line":20,"column":24}},"loc":{"start":{"line":20,"column":26},"end":{"line":22,"column":6}}},"3":{"name":"(anonymous_10)","decl":{"start":{"line":20,"column":26},"end":{"line":20,"column":null}},"loc":{"start":{"line":20,"column":26},"end":{"line":22,"column":5}}},"4":{"name":"(anonymous_11)","decl":{"start":{"line":24,"column":14},"end":{"line":24,"column":23}},"loc":{"start":{"line":24,"column":25},"end":{"line":28,"column":6}}},"5":{"name":"(anonymous_12)","decl":{"start":{"line":24,"column":25},"end":{"line":24,"column":null}},"loc":{"start":{"line":24,"column":25},"end":{"line":28,"column":5}}},"6":{"name":"(anonymous_13)","decl":{"start":{"line":30,"column":46},"end":{"line":30,"column":55}},"loc":{"start":{"line":30,"column":57},"end":{"line":42,"column":6}}},"7":{"name":"(anonymous_14)","decl":{"start":{"line":30,"column":57},"end":{"line":30,"column":null}},"loc":{"start":{"line":30,"column":57},"end":{"line":42,"column":5}}},"8":{"name":"(anonymous_15)","decl":{"start":{"line":44,"column":33},"end":{"line":44,"column":42}},"loc":{"start":{"line":44,"column":44},"end":{"line":56,"column":6}}},"9":{"name":"(anonymous_16)","decl":{"start":{"line":44,"column":44},"end":{"line":44,"column":null}},"loc":{"start":{"line":44,"column":44},"end":{"line":56,"column":5}}},"10":{"name":"(anonymous_17)","decl":{"start":{"line":53,"column":13},"end":{"line":53,"column":16}},"loc":{"start":{"line":53,"column":19},"end":{"line":53,"column":47}}},"11":{"name":"(anonymous_18)","decl":{"start":{"line":58,"column":33},"end":{"line":58,"column":42}},"loc":{"start":{"line":58,"column":44},"end":{"line":75,"column":6}}},"12":{"name":"(anonymous_19)","decl":{"start":{"line":58,"column":44},"end":{"line":58,"column":null}},"loc":{"start":{"line":58,"column":44},"end":{"line":75,"column":5}}},"13":{"name":"(anonymous_20)","decl":{"start":{"line":78,"column":65},"end":{"line":78,"column":74}},"loc":{"start":{"line":78,"column":76},"end":{"line":83,"column":4}}},"14":{"name":"(anonymous_21)","decl":{"start":{"line":78,"column":76},"end":{"line":78,"column":null}},"loc":{"start":{"line":78,"column":76},"end":{"line":83,"column":3}}},"15":{"name":"(anonymous_22)","decl":{"start":{"line":80,"column":11},"end":{"line":80,"column":14}},"loc":{"start":{"line":80,"column":17},"end":{"line":80,"column":47}}}},"branchMap":{"0":{"loc":{"start":{"line":25,"column":6},"end":{"line":27,"column":7}},"type":"if","locations":[{"start":{"line":25,"column":6},"end":{"line":27,"column":7}}]}},"s":{"0":1,"1":1,"2":1,"3":1,"4":3,"5":3,"6":1,"7":3,"8":3,"9":0,"10":1,"11":1,"12":1,"13":1,"14":1,"15":1,"16":1,"17":1,"18":1,"19":1,"20":1,"21":1,"22":1,"23":1,"24":1,"25":1,"26":1,"27":1,"28":1,"29":1,"30":1,"31":1,"32":1,"33":1,"34":1,"35":1,"36":1,"37":1,"38":1,"39":1,"40":1,"41":1},"f":{"0":1,"1":1,"2":3,"3":3,"4":3,"5":3,"6":1,"7":1,"8":1,"9":1,"10":1,"11":1,"12":1,"13":1,"14":1,"15":1},"b":{"0":[0]}}
,"C:\\Users\\toure\\Bureau\\INFRES 1A\\forest-app\\src\\tests\\TreeIntegrationTests.ts": {"path":"C:\\Users\\toure\\Bureau\\INFRES 1A\\forest-app\\src\\tests\\TreeIntegrationTests.ts","statementMap":{"0":{"start":{"line":1,"column":0},"end":{"line":1,"column":51}},"1":{"start":{"line":4,"column":0},"end":{"line":4,"column":53}},"2":{"start":{"line":11,"column":36},"end":{"line":79,"column":1}},"3":{"start":{"line":15,"column":2},"end":{"line":73,"column":5}},"4":{"start":{"line":18,"column":4},"end":{"line":20,"column":7}},"5":{"start":{"line":18,"column":26},"end":{"line":20,"column":6}},"6":{"start":{"line":19,"column":6},"end":{"line":19,"column":30}},"7":{"start":{"line":22,"column":4},"end":{"line":26,"column":7}},"8":{"start":{"line":22,"column":25},"end":{"line":26,"column":6}},"9":{"start":{"line":23,"column":6},"end":{"line":25,"column":7}},"10":{"start":{"line":24,"column":8},"end":{"line":24,"column":32}},"11":{"start":{"line":28,"column":4},"end":{"line":41,"column":7}},"12":{"start":{"line":28,"column":55},"end":{"line":41,"column":6}},"13":{"start":{"line":29,"column":26},"end":{"line":29,"column":33}},"14":{"start":{"line":30,"column":40},"end":{"line":35,"column":8}},"15":{"start":{"line":36,"column":6},"end":{"line":36,"column":28}},"16":{"start":{"line":37,"column":20},"end":{"line":37,"column":34}},"17":{"start":{"line":38,"column":6},"end":{"line":38,"column":46}},"18":{"start":{"line":39,"column":28},"end":{"line":39,"column":53}},"19":{"start":{"line":40,"column":6},"end":{"line":40,"column":70}},"20":{"start":{"line":43,"column":4},"end":{"line":54,"column":7}},"21":{"start":{"line":43,"column":42},"end":{"line":54,"column":6}},"22":{"start":{"line":44,"column":26},"end":{"line":44,"column":33}},"23":{"start":{"line":45,"column":28},"end":{"line":50,"column":8}},"24":{"start":{"line":51,"column":24},"end":{"line":51,"column":45}},"25":{"start":{"line":52,"column":6},"end":{"line":52,"column":36}},"26":{"start":{"line":53,"column":6},"end":{"line":53,"column":78}},"27":{"start":{"line":53,"column":19},"end":{"line":53,"column":45}},"28":{"start":{"line":56,"column":4},"end":{"line":72,"column":7}},"29":{"start":{"line":56,"column":42},"end":{"line":72,"column":6}},"30":{"start":{"line":57,"column":26},"end":{"line":57,"column":33}},"31":{"start":{"line":58,"column":28},"end":{"line":63,"column":8}},"32":{"start":{"line":64,"column":24},"end":{"line":64,"column":45}},"33":{"start":{"line":65,"column":23},"end":{"line":67,"column":null}},"34":{"start":{"line":69,"column":6},"end":{"line":69,"column":51}},"35":{"start":{"line":70,"column":28},"end":{"line":70,"column":54}},"36":{"start":{"line":71,"column":6},"end":{"line":71,"column":74}},"37":{"start":{"line":75,"column":2},"end":{"line":78,"column":5}},"38":{"start":{"line":75,"column":74},"end":{"line":78,"column":4}},"39":{"start":{"line":76,"column":24},"end":{"line":76,"column":37}},"40":{"start":{"line":77,"column":4},"end":{"line":77,"column":80}},"41":{"start":{"line":77,"column":17},"end":{"line":77,"column":47}},"42":{"start":{"line":11,"column":13},"end":{"line":11,"column":36}}},"fnMap":{"0":{"name":"(anonymous_7)","decl":{"start":{"line":11,"column":36},"end":{"line":11,"column":null}},"loc":{"start":{"line":14,"column":4},"end":{"line":79,"column":1}}},"1":{"name":"(anonymous_8)","decl":{"start":{"line":15,"column":22},"end":{"line":15,"column":25}},"loc":{"start":{"line":15,"column":27},"end":{"line":73,"column":3}}},"2":{"name":"(anonymous_9)","decl":{"start":{"line":18,"column":15},"end":{"line":18,"column":24}},"loc":{"start":{"line":18,"column":26},"end":{"line":20,"column":6}}},"3":{"name":"(anonymous_10)","decl":{"start":{"line":18,"column":26},"end":{"line":18,"column":null}},"loc":{"start":{"line":18,"column":26},"end":{"line":20,"column":5}}},"4":{"name":"(anonymous_11)","decl":{"start":{"line":22,"column":14},"end":{"line":22,"column":23}},"loc":{"start":{"line":22,"column":25},"end":{"line":26,"column":6}}},"5":{"name":"(anonymous_12)","decl":{"start":{"line":22,"column":25},"end":{"line":22,"column":null}},"loc":{"start":{"line":22,"column":25},"end":{"line":26,"column":5}}},"6":{"name":"(anonymous_13)","decl":{"start":{"line":28,"column":44},"end":{"line":28,"column":53}},"loc":{"start":{"line":28,"column":55},"end":{"line":41,"column":6}}},"7":{"name":"(anonymous_14)","decl":{"start":{"line":28,"column":55},"end":{"line":28,"column":null}},"loc":{"start":{"line":28,"column":55},"end":{"line":41,"column":5}}},"8":{"name":"(anonymous_15)","decl":{"start":{"line":43,"column":31},"end":{"line":43,"column":40}},"loc":{"start":{"line":43,"column":42},"end":{"line":54,"column":6}}},"9":{"name":"(anonymous_16)","decl":{"start":{"line":43,"column":42},"end":{"line":43,"column":null}},"loc":{"start":{"line":43,"column":42},"end":{"line":54,"column":5}}},"10":{"name":"(anonymous_17)","decl":{"start":{"line":53,"column":13},"end":{"line":53,"column":16}},"loc":{"start":{"line":53,"column":19},"end":{"line":53,"column":45}}},"11":{"name":"(anonymous_18)","decl":{"start":{"line":56,"column":31},"end":{"line":56,"column":40}},"loc":{"start":{"line":56,"column":42},"end":{"line":72,"column":6}}},"12":{"name":"(anonymous_19)","decl":{"start":{"line":56,"column":42},"end":{"line":56,"column":null}},"loc":{"start":{"line":56,"column":42},"end":{"line":72,"column":5}}},"13":{"name":"(anonymous_20)","decl":{"start":{"line":75,"column":63},"end":{"line":75,"column":72}},"loc":{"start":{"line":75,"column":74},"end":{"line":78,"column":4}}},"14":{"name":"(anonymous_21)","decl":{"start":{"line":75,"column":74},"end":{"line":75,"column":null}},"loc":{"start":{"line":75,"column":74},"end":{"line":78,"column":3}}},"15":{"name":"(anonymous_22)","decl":{"start":{"line":77,"column":11},"end":{"line":77,"column":14}},"loc":{"start":{"line":77,"column":17},"end":{"line":77,"column":47}}}},"branchMap":{"0":{"loc":{"start":{"line":23,"column":6},"end":{"line":25,"column":7}},"type":"if","locations":[{"start":{"line":23,"column":6},"end":{"line":25,"column":7}}]}},"s":{"0":1,"1":1,"2":1,"3":1,"4":1,"5":3,"6":3,"7":1,"8":3,"9":3,"10":0,"11":1,"12":1,"13":1,"14":1,"15":1,"16":1,"17":1,"18":1,"19":1,"20":1,"21":1,"22":1,"23":1,"24":1,"25":1,"26":1,"27":1,"28":1,"29":1,"30":1,"31":1,"32":1,"33":1,"34":1,"35":1,"36":1,"37":1,"38":1,"39":1,"40":1,"41":1,"42":1},"f":{"0":1,"1":1,"2":3,"3":3,"4":3,"5":3,"6":1,"7":1,"8":1,"9":1,"10":1,"11":1,"12":1,"13":1,"14":1,"15":1},"b":{"0":[0]}}
}
