TN:
SF:src\domain\errors\NotFoundError.ts
FN:4,(anonymous_0)
FN:11,(anonymous_1)
FNF:2
FNH:2
FNDA:6,(anonymous_0)
FNDA:6,(anonymous_1)
DA:1,5
DA:5,6
DA:6,6
DA:10,5
DA:12,6
DA:13,6
LF:6
LH:6
BRDA:11,0,0,0
BRF:1
BRH:0
end_of_record
TN:
SF:src\domain\models\Exposure.ts
FN:1,(anonymous_0)
FNF:1
FNH:1
FNDA:5,(anonymous_0)
DA:1,5
DA:2,5
DA:3,5
DA:4,5
LF:4
LH:4
BRDA:1,0,0,5
BRDA:1,0,1,5
BRF:2
BRH:2
end_of_record
TN:
SF:src\domain\models\ForestType.ts
FN:1,(anonymous_0)
FNF:1
FNH:1
FNDA:4,(anonymous_0)
DA:1,4
DA:2,4
DA:3,4
DA:4,4
LF:4
LH:4
BRDA:1,0,0,4
BRDA:1,0,1,4
BRF:2
BRH:2
end_of_record
TN:
SF:src\domain\models\Species.ts
FN:1,(anonymous_0)
FNF:1
FNH:1
FNDA:5,(anonymous_0)
DA:1,5
DA:2,5
DA:3,5
DA:4,5
DA:5,5
DA:6,5
LF:6
LH:6
BRDA:1,0,0,5
BRDA:1,0,1,5
BRF:2
BRH:2
end_of_record
TN:
SF:src\domain\services\CO2AbsorptionService.ts
FN:5,(anonymous_0)
FN:7,(anonymous_1)
FN:11,(anonymous_2)
FN:15,(anonymous_3)
FN:17,(anonymous_4)
FN:23,(anonymous_5)
FN:26,(anonymous_6)
FNF:7
FNH:6
FNDA:3,(anonymous_0)
FNDA:4,(anonymous_1)
FNDA:0,(anonymous_2)
FNDA:1,(anonymous_3)
FNDA:2,(anonymous_4)
FNDA:1,(anonymous_5)
FNDA:2,(anonymous_6)
DA:4,1
DA:6,3
DA:7,4
DA:8,3
DA:9,3
DA:12,0
DA:16,1
DA:17,1
DA:18,2
DA:20,1
DA:24,1
DA:25,1
DA:26,1
DA:27,2
DA:28,2
DA:30,1
DA:31,1
LF:17
LH:16
BRF:0
BRH:0
end_of_record
TN:
SF:src\domain\services\ForestService.ts
FN:7,(anonymous_0)
FN:9,(anonymous_1)
FN:17,(anonymous_2)
FN:25,(anonymous_3)
FN:29,(anonymous_4)
FN:39,(anonymous_5)
FN:46,(anonymous_6)
FNF:7
FNH:7
FNDA:13,(anonymous_0)
FNDA:2,(anonymous_1)
FNDA:6,(anonymous_2)
FNDA:2,(anonymous_3)
FNDA:6,(anonymous_4)
FNDA:2,(anonymous_5)
FNDA:1,(anonymous_6)
DA:3,3
DA:6,3
DA:7,13
DA:10,2
DA:11,2
DA:12,0
DA:14,2
DA:18,6
DA:19,6
DA:20,3
DA:22,3
DA:26,2
DA:30,6
DA:31,0
DA:33,6
DA:34,0
DA:36,6
DA:40,2
DA:41,2
DA:42,0
DA:44,2
DA:47,1
DA:48,1
DA:49,0
DA:51,1
LF:25
LH:20
BRDA:11,0,0,0
BRDA:19,1,0,3
BRDA:30,2,0,0
BRDA:33,3,0,0
BRDA:41,4,0,0
BRDA:48,5,0,0
BRF:6
BRH:1
end_of_record
TN:
SF:src\domain\services\TreeService.ts
FN:7,(anonymous_0)
FN:9,(anonymous_1)
FN:17,(anonymous_2)
FN:25,(anonymous_3)
FN:29,(anonymous_4)
FN:47,(anonymous_5)
FNF:6
FNH:6
FNDA:12,(anonymous_0)
FNDA:2,(anonymous_1)
FNDA:6,(anonymous_2)
FNDA:2,(anonymous_3)
FNDA:7,(anonymous_4)
FNDA:2,(anonymous_5)
DA:4,3
DA:6,3
DA:7,12
DA:10,2
DA:11,2
DA:12,0
DA:14,2
DA:18,6
DA:19,6
DA:20,3
DA:22,3
DA:26,2
DA:30,7
DA:31,0
DA:33,7
DA:34,0
DA:38,7
DA:39,0
DA:41,7
DA:42,0
DA:44,7
DA:48,2
DA:49,2
DA:50,0
DA:52,2
LF:25
LH:19
BRDA:11,0,0,0
BRDA:19,1,0,3
BRDA:30,2,0,0
BRDA:33,3,0,0
BRDA:33,4,0,7
BRDA:33,4,1,7
BRDA:38,5,0,0
BRDA:41,6,0,0
BRDA:49,7,0,0
BRF:9
BRH:3
end_of_record
TN:
SF:src\infrastructure\adapters\forestRepositoryAdapter.ts
FN:4,(anonymous_0)
FN:7,(anonymous_1)
FN:11,(anonymous_2)
FN:21,(anonymous_3)
FN:22,(anonymous_4)
FN:25,(anonymous_5)
FN:26,(anonymous_6)
FN:33,(anonymous_7)
FN:34,(anonymous_8)
FN:37,(anonymous_9)
FN:38,(anonymous_10)
FN:43,(anonymous_11)
FNF:12
FNH:9
FNDA:6,(anonymous_0)
FNDA:1,(anonymous_1)
FNDA:5,(anonymous_2)
FNDA:6,(anonymous_3)
FNDA:4,(anonymous_4)
FNDA:1,(anonymous_5)
FNDA:1,(anonymous_6)
FNDA:1,(anonymous_7)
FNDA:1,(anonymous_8)
FNDA:0,(anonymous_9)
FNDA:0,(anonymous_10)
FNDA:0,(anonymous_11)
DA:2,2
DA:4,2
DA:5,6
DA:8,1
DA:12,5
DA:18,5
DA:19,5
DA:22,6
DA:23,6
DA:26,1
DA:27,1
DA:28,1
DA:29,1
DA:31,0
DA:34,1
DA:38,0
DA:39,0
DA:40,0
DA:42,0
DA:43,0
DA:44,0
LF:21
LH:14
BRDA:23,0,0,6
BRDA:23,0,1,2
BRDA:27,1,0,1
BRDA:39,2,0,0
BRF:4
BRH:3
end_of_record
TN:
SF:src\infrastructure\adapters\treeRepositoryAdapter.ts
FN:4,(anonymous_0)
FN:7,(anonymous_1)
FN:11,(anonymous_2)
FN:22,(anonymous_3)
FN:23,(anonymous_4)
FN:26,(anonymous_5)
FN:27,(anonymous_6)
FN:34,(anonymous_7)
FN:35,(anonymous_8)
FNF:9
FNH:9
FNDA:6,(anonymous_0)
FNDA:1,(anonymous_1)
FNDA:6,(anonymous_2)
FNDA:6,(anonymous_3)
FNDA:4,(anonymous_4)
FNDA:1,(anonymous_5)
FNDA:1,(anonymous_6)
FNDA:1,(anonymous_7)
FNDA:1,(anonymous_8)
DA:2,2
DA:4,2
DA:5,6
DA:8,1
DA:12,6
DA:19,6
DA:20,6
DA:23,6
DA:24,6
DA:27,1
DA:28,1
DA:29,1
DA:30,1
DA:32,0
DA:35,1
LF:15
LH:14
BRDA:24,0,0,6
BRDA:24,0,1,2
BRDA:28,1,0,1
BRF:3
BRH:3
end_of_record
TN:
SF:src\tests\CO2AbsorptionIntegrationTests.ts
FN:16,(anonymous_7)
FN:20,(anonymous_8)
FN:23,(anonymous_9)
FN:23,(anonymous_10)
FN:27,(anonymous_11)
FN:27,(anonymous_12)
FN:33,(anonymous_13)
FN:33,(anonymous_14)
FN:55,(anonymous_15)
FN:55,(anonymous_16)
FNF:10
FNH:10
FNDA:1,(anonymous_7)
FNDA:1,(anonymous_8)
FNDA:2,(anonymous_9)
FNDA:2,(anonymous_10)
FNDA:2,(anonymous_11)
FNDA:2,(anonymous_12)
FNDA:1,(anonymous_13)
FNDA:1,(anonymous_14)
FNDA:1,(anonymous_15)
FNDA:1,(anonymous_16)
DA:3,1
DA:5,1
DA:7,1
DA:16,1
DA:20,1
DA:23,2
DA:24,2
DA:27,2
DA:28,2
DA:29,0
DA:33,1
DA:34,1
DA:35,1
DA:42,1
DA:44,1
DA:49,1
DA:51,1
DA:52,1
DA:53,1
DA:55,1
DA:56,1
DA:57,1
DA:64,1
DA:70,1
DA:71,1
DA:72,1
DA:77,1
DA:78,1
DA:79,1
LF:29
LH:28
BRDA:28,0,0,0
BRF:1
BRH:0
end_of_record
TN:
SF:src\tests\ForestIntegrationTests.ts
FN:13,(anonymous_7)
FN:17,(anonymous_8)
FN:20,(anonymous_9)
FN:20,(anonymous_10)
FN:24,(anonymous_11)
FN:24,(anonymous_12)
FN:30,(anonymous_13)
FN:30,(anonymous_14)
FN:44,(anonymous_15)
FN:44,(anonymous_16)
FN:53,(anonymous_17)
FN:58,(anonymous_18)
FN:58,(anonymous_19)
FN:78,(anonymous_20)
FN:78,(anonymous_21)
FN:80,(anonymous_22)
FNF:16
FNH:16
FNDA:1,(anonymous_7)
FNDA:1,(anonymous_8)
FNDA:3,(anonymous_9)
FNDA:3,(anonymous_10)
FNDA:3,(anonymous_11)
FNDA:3,(anonymous_12)
FNDA:1,(anonymous_13)
FNDA:1,(anonymous_14)
FNDA:1,(anonymous_15)
FNDA:1,(anonymous_16)
FNDA:1,(anonymous_17)
FNDA:1,(anonymous_18)
FNDA:1,(anonymous_19)
FNDA:1,(anonymous_20)
FNDA:1,(anonymous_21)
FNDA:1,(anonymous_22)
DA:6,1
DA:13,1
DA:17,1
DA:20,3
DA:21,3
DA:24,3
DA:25,3
DA:26,0
DA:30,1
DA:31,1
DA:32,1
DA:37,1
DA:38,1
DA:39,1
DA:40,1
DA:41,1
DA:44,1
DA:45,1
DA:46,1
DA:51,1
DA:52,1
DA:53,1
DA:58,1
DA:59,1
DA:60,1
DA:65,1
DA:66,1
DA:72,1
DA:73,1
DA:74,1
DA:78,1
DA:79,1
DA:80,1
LF:33
LH:32
BRDA:25,0,0,0
BRF:1
BRH:0
end_of_record
TN:
SF:src\tests\TreeIntegrationTests.ts
FN:11,(anonymous_7)
FN:15,(anonymous_8)
FN:18,(anonymous_9)
FN:18,(anonymous_10)
FN:22,(anonymous_11)
FN:22,(anonymous_12)
FN:28,(anonymous_13)
FN:28,(anonymous_14)
FN:43,(anonymous_15)
FN:43,(anonymous_16)
FN:53,(anonymous_17)
FN:56,(anonymous_18)
FN:56,(anonymous_19)
FN:75,(anonymous_20)
FN:75,(anonymous_21)
FN:77,(anonymous_22)
FNF:16
FNH:16
FNDA:1,(anonymous_7)
FNDA:1,(anonymous_8)
FNDA:3,(anonymous_9)
FNDA:3,(anonymous_10)
FNDA:3,(anonymous_11)
FNDA:3,(anonymous_12)
FNDA:1,(anonymous_13)
FNDA:1,(anonymous_14)
FNDA:1,(anonymous_15)
FNDA:1,(anonymous_16)
FNDA:1,(anonymous_17)
FNDA:1,(anonymous_18)
FNDA:1,(anonymous_19)
FNDA:1,(anonymous_20)
FNDA:1,(anonymous_21)
FNDA:1,(anonymous_22)
DA:1,1
DA:4,1
DA:11,1
DA:15,1
DA:18,3
DA:19,3
DA:22,3
DA:23,3
DA:24,0
DA:28,1
DA:29,1
DA:30,1
DA:36,1
DA:37,1
DA:38,1
DA:39,1
DA:40,1
DA:43,1
DA:44,1
DA:45,1
DA:51,1
DA:52,1
DA:53,1
DA:56,1
DA:57,1
DA:58,1
DA:64,1
DA:65,1
DA:69,1
DA:70,1
DA:71,1
DA:75,1
DA:76,1
DA:77,1
LF:34
LH:33
BRDA:23,0,0,0
BRF:1
BRH:0
end_of_record
